{"C:\\Users\\jesus\\proyectos node react angular\\React-Fernando-Herrera\\react-vite-counter-app-fin-seccion-4\\src\\CounterApp.jsx": {"path":"C:\\Users\\jesus\\proyectos node react angular\\React-Fernando-Herrera\\react-vite-counter-app-fin-seccion-4\\src\\CounterApp.jsx","statementMap":{"0":{"start":{"line":4,"column":26},"end":{"line":27,"column":1}},"1":{"start":{"line":6,"column":36},"end":{"line":6,"column":53}},"2":{"start":{"line":8,"column":22},"end":{"line":12,"column":5}},"3":{"start":{"line":10,"column":8},"end":{"line":10,"column":34}},"4":{"start":{"line":14,"column":28},"end":{"line":14,"column":59}},"5":{"start":{"line":14,"column":34},"end":{"line":14,"column":59}},"6":{"start":{"line":15,"column":24},"end":{"line":15,"column":49}},"7":{"start":{"line":15,"column":30},"end":{"line":15,"column":49}},"8":{"start":{"line":17,"column":4},"end":{"line":26,"column":6}},"9":{"start":{"line":29,"column":0},"end":{"line":31,"column":1}}},"fnMap":{"0":{"name":"(anonymous_0)","decl":{"start":{"line":4,"column":26},"end":{"line":4,"column":27}},"loc":{"start":{"line":4,"column":41},"end":{"line":27,"column":1}},"line":4},"1":{"name":"(anonymous_1)","decl":{"start":{"line":8,"column":22},"end":{"line":8,"column":23}},"loc":{"start":{"line":8,"column":28},"end":{"line":12,"column":5}},"line":8},"2":{"name":"(anonymous_2)","decl":{"start":{"line":14,"column":28},"end":{"line":14,"column":29}},"loc":{"start":{"line":14,"column":34},"end":{"line":14,"column":59}},"line":14},"3":{"name":"(anonymous_3)","decl":{"start":{"line":15,"column":24},"end":{"line":15,"column":25}},"loc":{"start":{"line":15,"column":30},"end":{"line":15,"column":49}},"line":15}},"branchMap":{},"s":{"0":1,"1":11,"2":11,"3":2,"4":11,"5":2,"6":11,"7":1,"8":11,"9":1},"f":{"0":11,"1":2,"2":2,"3":1},"b":{},"_coverageSchema":"1a1c01bbd47fc00a2c39e90264f33305004495a9","hash":"b2f012ef7405e86b0a0b7c103d272ca89667c83b"}
}
