{"C:\\Users\\jesus\\proyectos node react angular\\React-Fernando-Herrera\\react-vite-counter-app-fin-seccion-4\\src\\FirstApp.jsx": {"path":"C:\\Users\\jesus\\proyectos node react angular\\React-Fernando-Herrera\\react-vite-counter-app-fin-seccion-4\\src\\FirstApp.jsx","statementMap":{"0":{"start":{"line":3,"column":24},"end":{"line":16,"column":1}},"1":{"start":{"line":7,"column":2},"end":{"line":15,"column":3}},"2":{"start":{"line":19,"column":0},"end":{"line":22,"column":1}},"3":{"start":{"line":24,"column":0},"end":{"line":28,"column":1}}},"fnMap":{"0":{"name":"(anonymous_0)","decl":{"start":{"line":3,"column":24},"end":{"line":3,"column":25}},"loc":{"start":{"line":3,"column":55},"end":{"line":16,"column":1}},"line":3}},"branchMap":{},"s":{"0":1,"1":4,"2":1,"3":1},"f":{"0":4},"b":{},"_coverageSchema":"1a1c01bbd47fc00a2c39e90264f33305004495a9","hash":"0e3a94f494cc92e1c09109385f7ca980389fe7af"}
}
